celery beat v5.3.6 (emerald-rush) is starting.
__    -    ... __   -        _
LocalTime -> 2024-03-09 13:48:48
Configuration ->
    . broker -> redis://localhost:6379/0
    . loader -> celery.loaders.app.AppLoader
    . scheduler -> celery.beat.PersistentScheduler
    . db -> celerybeat-schedule
    . logfile -> [stderr]@%INFO
    . maxinterval -> 5.00 minutes (300s)
celery beat v5.3.6 (emerald-rush) is starting.
__    -    ... __   -        _
LocalTime -> 2024-03-10 10:04:06
Configuration ->
    . broker -> redis://localhost:6379/0
    . loader -> celery.loaders.app.AppLoader
    . scheduler -> celery.beat.PersistentScheduler
    . db -> celerybeat-schedule
    . logfile -> [stderr]@%INFO
    . maxinterval -> 5.00 minutes (300s)
celery beat v5.3.6 (emerald-rush) is starting.
__    -    ... __   -        _
LocalTime -> 2024-03-10 10:44:17
Configuration ->
    . broker -> redis://localhost:6379/0
    . loader -> celery.loaders.app.AppLoader
    . scheduler -> celery.beat.PersistentScheduler
    . db -> celerybeat-schedule
    . logfile -> [stderr]@%INFO
    . maxinterval -> 5.00 minutes (300s)
celery beat v5.3.6 (emerald-rush) is starting.
__    -    ... __   -        _
LocalTime -> 2024-03-12 20:40:55
Configuration ->
    . broker -> redis://localhost:6379/0
    . loader -> celery.loaders.app.AppLoader
    . scheduler -> celery.beat.PersistentScheduler
    . db -> celerybeat-schedule
    . logfile -> [stderr]@%INFO
    . maxinterval -> 5.00 minutes (300s)
celery beat v5.3.6 (emerald-rush) is starting.
__    -    ... __   -        _
LocalTime -> 2024-03-13 18:49:04
Configuration ->
    . broker -> redis://localhost:6379/0
    . loader -> celery.loaders.app.AppLoader
    . scheduler -> celery.beat.PersistentScheduler
    . db -> celerybeat-schedule
    . logfile -> [stderr]@%INFO
    . maxinterval -> 5.00 minutes (300s)
celery beat v5.3.6 (emerald-rush) is starting.
__    -    ... __   -        _
LocalTime -> 2024-03-14 16:23:41
Configuration ->
    . broker -> redis://localhost:6379/0
    . loader -> celery.loaders.app.AppLoader
    . scheduler -> celery.beat.PersistentScheduler
    . db -> celerybeat-schedule
    . logfile -> [stderr]@%INFO
    . maxinterval -> 5.00 minutes (300s)
celery beat v5.3.6 (emerald-rush) is starting.
__    -    ... __   -        _
LocalTime -> 2024-03-15 16:16:27
Configuration ->
    . broker -> redis://localhost:6379/0
    . loader -> celery.loaders.app.AppLoader
    . scheduler -> celery.beat.PersistentScheduler
    . db -> celerybeat-schedule
    . logfile -> [stderr]@%INFO
    . maxinterval -> 5.00 minutes (300s)
celery beat v5.3.6 (emerald-rush) is starting.
__    -    ... __   -        _
LocalTime -> 2024-03-16 08:29:19
Configuration ->
    . broker -> redis://localhost:6379/0
    . loader -> celery.loaders.app.AppLoader
    . scheduler -> celery.beat.PersistentScheduler
    . db -> celerybeat-schedule
    . logfile -> [stderr]@%INFO
    . maxinterval -> 5.00 minutes (300s)
celery beat v5.3.6 (emerald-rush) is starting.
__    -    ... __   -        _
LocalTime -> 2024-03-18 21:24:31
Configuration ->
    . broker -> redis://localhost:6379/0
    . loader -> celery.loaders.app.AppLoader
    . scheduler -> celery.beat.PersistentScheduler
    . db -> celerybeat-schedule
    . logfile -> [stderr]@%INFO
    . maxinterval -> 5.00 minutes (300s)
celery beat v5.3.6 (emerald-rush) is starting.
__    -    ... __   -        _
LocalTime -> 2024-03-19 19:27:07
Configuration ->
    . broker -> redis://localhost:6379/0
    . loader -> celery.loaders.app.AppLoader
    . scheduler -> celery.beat.PersistentScheduler
    . db -> celerybeat-schedule
    . logfile -> [stderr]@%INFO
    . maxinterval -> 5.00 minutes (300s)
celery beat v5.3.6 (emerald-rush) is starting.
__    -    ... __   -        _
LocalTime -> 2024-03-22 14:21:38
Configuration ->
    . broker -> redis://localhost:6379/0
    . loader -> celery.loaders.app.AppLoader
    . scheduler -> celery.beat.PersistentScheduler
    . db -> celerybeat-schedule
    . logfile -> [stderr]@%INFO
    . maxinterval -> 5.00 minutes (300s)
celery beat v5.3.6 (emerald-rush) is starting.
__    -    ... __   -        _
LocalTime -> 2024-03-22 18:51:29
Configuration ->
    . broker -> redis://localhost:6379/0
    . loader -> celery.loaders.app.AppLoader
    . scheduler -> celery.beat.PersistentScheduler
    . db -> celerybeat-schedule
    . logfile -> [stderr]@%INFO
    . maxinterval -> 5.00 minutes (300s)
celery beat v5.3.6 (emerald-rush) is starting.
__    -    ... __   -        _
LocalTime -> 2024-03-23 16:27:22
Configuration ->
    . broker -> redis://localhost:6379/0
    . loader -> celery.loaders.app.AppLoader
    . scheduler -> celery.beat.PersistentScheduler
    . db -> celerybeat-schedule
    . logfile -> [stderr]@%INFO
    . maxinterval -> 5.00 minutes (300s)
celery beat v5.3.6 (emerald-rush) is starting.
__    -    ... __   -        _
LocalTime -> 2024-03-23 18:29:36
Configuration ->
    . broker -> redis://localhost:6379/0
    . loader -> celery.loaders.app.AppLoader
    . scheduler -> celery.beat.PersistentScheduler
    . db -> celerybeat-schedule
    . logfile -> [stderr]@%INFO
    . maxinterval -> 5.00 minutes (300s)
celery beat v5.3.6 (emerald-rush) is starting.
__    -    ... __   -        _
LocalTime -> 2024-03-24 10:46:11
Configuration ->
    . broker -> redis://localhost:6379/0
    . loader -> celery.loaders.app.AppLoader
    . scheduler -> celery.beat.PersistentScheduler
    . db -> celerybeat-schedule
    . logfile -> [stderr]@%INFO
    . maxinterval -> 5.00 minutes (300s)
celery beat v5.3.6 (emerald-rush) is starting.
__    -    ... __   -        _
LocalTime -> 2024-03-25 18:34:30
Configuration ->
    . broker -> redis://localhost:6379/0
    . loader -> celery.loaders.app.AppLoader
    . scheduler -> celery.beat.PersistentScheduler
    . db -> celerybeat-schedule
    . logfile -> [stderr]@%INFO
    . maxinterval -> 5.00 minutes (300s)
celery beat v5.3.6 (emerald-rush) is starting.
__    -    ... __   -        _
LocalTime -> 2024-03-26 17:30:03
Configuration ->
    . broker -> redis://localhost:6379/0
    . loader -> celery.loaders.app.AppLoader
    . scheduler -> celery.beat.PersistentScheduler
    . db -> celerybeat-schedule
    . logfile -> [stderr]@%INFO
    . maxinterval -> 5.00 minutes (300s)
celery beat v5.3.6 (emerald-rush) is starting.
__    -    ... __   -        _
LocalTime -> 2024-03-31 16:06:58
Configuration ->
    . broker -> redis://localhost:6379/0
    . loader -> celery.loaders.app.AppLoader
    . scheduler -> celery.beat.PersistentScheduler
    . db -> celerybeat-schedule
    . logfile -> [stderr]@%INFO
    . maxinterval -> 5.00 minutes (300s)
celery beat v5.3.6 (emerald-rush) is starting.
__    -    ... __   -        _
LocalTime -> 2024-03-31 19:35:10
Configuration ->
    . broker -> redis://localhost:6379/0
    . loader -> celery.loaders.app.AppLoader
    . scheduler -> celery.beat.PersistentScheduler
    . db -> celerybeat-schedule
    . logfile -> [stderr]@%INFO
    . maxinterval -> 5.00 minutes (300s)
celery beat v5.3.6 (emerald-rush) is starting.
__    -    ... __   -        _
LocalTime -> 2024-04-01 18:48:22
Configuration ->
    . broker -> redis://localhost:6379/0
    . loader -> celery.loaders.app.AppLoader
    . scheduler -> celery.beat.PersistentScheduler
    . db -> celerybeat-schedule
    . logfile -> [stderr]@%INFO
    . maxinterval -> 5.00 minutes (300s)
celery beat v5.3.6 (emerald-rush) is starting.
__    -    ... __   -        _
LocalTime -> 2024-04-01 19:17:32
Configuration ->
    . broker -> redis://localhost:6379/0
    . loader -> celery.loaders.app.AppLoader
    . scheduler -> celery.beat.PersistentScheduler
    . db -> celerybeat-schedule
    . logfile -> [stderr]@%INFO
    . maxinterval -> 5.00 minutes (300s)
celery beat v5.3.6 (emerald-rush) is starting.
__    -    ... __   -        _
LocalTime -> 2024-04-01 19:18:40
Configuration ->
    . broker -> redis://localhost:6379/0
    . loader -> celery.loaders.app.AppLoader
    . scheduler -> celery.beat.PersistentScheduler
    . db -> celerybeat-schedule
    . logfile -> [stderr]@%INFO
    . maxinterval -> 5.00 minutes (300s)
celery beat v5.3.6 (emerald-rush) is starting.
__    -    ... __   -        _
LocalTime -> 2024-04-02 20:02:08
Configuration ->
    . broker -> redis://localhost:6379/0
    . loader -> celery.loaders.app.AppLoader
    . scheduler -> celery.beat.PersistentScheduler
    . db -> celerybeat-schedule
    . logfile -> [stderr]@%INFO
    . maxinterval -> 5.00 minutes (300s)
celery beat v5.3.6 (emerald-rush) is starting.
__    -    ... __   -        _
LocalTime -> 2024-04-03 19:07:30
Configuration ->
    . broker -> redis://localhost:6379/0
    . loader -> celery.loaders.app.AppLoader
    . scheduler -> celery.beat.PersistentScheduler
    . db -> celerybeat-schedule
    . logfile -> [stderr]@%INFO
    . maxinterval -> 5.00 minutes (300s)
celery beat v5.3.6 (emerald-rush) is starting.
__    -    ... __   -        _
LocalTime -> 2024-04-04 15:57:09
Configuration ->
    . broker -> redis://localhost:6379/0
    . loader -> celery.loaders.app.AppLoader
    . scheduler -> celery.beat.PersistentScheduler
    . db -> celerybeat-schedule
    . logfile -> [stderr]@%INFO
    . maxinterval -> 5.00 minutes (300s)
celery beat v5.3.6 (emerald-rush) is starting.
__    -    ... __   -        _
LocalTime -> 2024-04-05 15:44:05
Configuration ->
    . broker -> redis://localhost:6379/0
    . loader -> celery.loaders.app.AppLoader
    . scheduler -> celery.beat.PersistentScheduler
    . db -> celerybeat-schedule
    . logfile -> [stderr]@%INFO
    . maxinterval -> 5.00 minutes (300s)
celery beat v5.3.6 (emerald-rush) is starting.
__    -    ... __   -        _
LocalTime -> 2024-04-07 11:18:19
Configuration ->
    . broker -> redis://localhost:6379/0
    . loader -> celery.loaders.app.AppLoader
    . scheduler -> celery.beat.PersistentScheduler
    . db -> celerybeat-schedule
    . logfile -> [stderr]@%INFO
    . maxinterval -> 5.00 minutes (300s)
celery beat v5.3.6 (emerald-rush) is starting.
__    -    ... __   -        _
LocalTime -> 2024-04-07 19:30:04
Configuration ->
    . broker -> redis://localhost:6379/0
    . loader -> celery.loaders.app.AppLoader
    . scheduler -> celery.beat.PersistentScheduler
    . db -> celerybeat-schedule
    . logfile -> [stderr]@%INFO
    . maxinterval -> 5.00 minutes (300s)
celery beat v5.3.6 (emerald-rush) is starting.
__    -    ... __   -        _
LocalTime -> 2024-04-07 21:20:19
Configuration ->
    . broker -> redis://localhost:6379/0
    . loader -> celery.loaders.app.AppLoader
    . scheduler -> celery.beat.PersistentScheduler
    . db -> celerybeat-schedule
    . logfile -> [stderr]@%INFO
    . maxinterval -> 5.00 minutes (300s)
celery beat v5.3.6 (emerald-rush) is starting.
__    -    ... __   -        _
LocalTime -> 2024-04-08 21:09:30
Configuration ->
    . broker -> redis://localhost:6379/0
    . loader -> celery.loaders.app.AppLoader
    . scheduler -> celery.beat.PersistentScheduler
    . db -> celerybeat-schedule
    . logfile -> [stderr]@%INFO
    . maxinterval -> 5.00 minutes (300s)
celery beat v5.3.6 (emerald-rush) is starting.
__    -    ... __   -        _
LocalTime -> 2024-04-09 17:30:05
Configuration ->
    . broker -> redis://localhost:6379/0
    . loader -> celery.loaders.app.AppLoader
    . scheduler -> celery.beat.PersistentScheduler
    . db -> celerybeat-schedule
    . logfile -> [stderr]@%INFO
    . maxinterval -> 5.00 minutes (300s)
celery beat v5.3.6 (emerald-rush) is starting.
__    -    ... __   -        _
LocalTime -> 2024-04-10 23:16:29
Configuration ->
    . broker -> redis://localhost:6379/0
    . loader -> celery.loaders.app.AppLoader
    . scheduler -> celery.beat.PersistentScheduler
    . db -> celerybeat-schedule
    . logfile -> [stderr]@%INFO
    . maxinterval -> 5.00 minutes (300s)
celery beat v5.3.6 (emerald-rush) is starting.
__    -    ... __   -        _
LocalTime -> 2024-04-10 23:18:29
Configuration ->
    . broker -> redis://localhost:6379/0
    . loader -> celery.loaders.app.AppLoader
    . scheduler -> celery.beat.PersistentScheduler
    . db -> celerybeat-schedule
    . logfile -> [stderr]@%INFO
    . maxinterval -> 5.00 minutes (300s)
celery beat v5.3.6 (emerald-rush) is starting.
__    -    ... __   -        _
LocalTime -> 2024-04-11 17:06:16
Configuration ->
    . broker -> redis://localhost:6379/0
    . loader -> celery.loaders.app.AppLoader
    . scheduler -> celery.beat.PersistentScheduler
    . db -> celerybeat-schedule
    . logfile -> [stderr]@%INFO
    . maxinterval -> 5.00 minutes (300s)
celery beat v5.3.6 (emerald-rush) is starting.
__    -    ... __   -        _
LocalTime -> 2024-04-11 19:46:52
Configuration ->
    . broker -> redis://localhost:6379/0
    . loader -> celery.loaders.app.AppLoader
    . scheduler -> celery.beat.PersistentScheduler
    . db -> celerybeat-schedule
    . logfile -> [stderr]@%INFO
    . maxinterval -> 5.00 minutes (300s)
celery beat v5.3.6 (emerald-rush) is starting.
__    -    ... __   -        _
LocalTime -> 2024-04-11 20:19:29
Configuration ->
    . broker -> redis://localhost:6379/0
    . loader -> celery.loaders.app.AppLoader
    . scheduler -> celery.beat.PersistentScheduler
    . db -> celerybeat-schedule
    . logfile -> [stderr]@%INFO
    . maxinterval -> 5.00 minutes (300s)
celery beat v5.3.6 (emerald-rush) is starting.
__    -    ... __   -        _
LocalTime -> 2024-04-12 16:19:34
Configuration ->
    . broker -> redis://localhost:6379/0
    . loader -> celery.loaders.app.AppLoader
    . scheduler -> celery.beat.PersistentScheduler
    . db -> celerybeat-schedule
    . logfile -> [stderr]@%INFO
    . maxinterval -> 5.00 minutes (300s)
celery beat v5.3.6 (emerald-rush) is starting.
celery beat v5.3.6 (emerald-rush) is starting.
celery beat v5.3.6 (emerald-rush) is starting.
celery beat v5.3.6 (emerald-rush) is starting.
celery beat v5.3.6 (emerald-rush) is starting.
celery beat v5.3.6 (emerald-rush) is starting.
__    -    ... __   -        _
LocalTime -> 2024-04-14 19:27:56
Configuration ->
    . broker -> redis://localhost:6379/0
    . loader -> celery.loaders.app.AppLoader
    . scheduler -> celery.beat.PersistentScheduler
    . db -> celerybeat-schedule
    . logfile -> [stderr]@%INFO
    . maxinterval -> 5.00 minutes (300s)
celery beat v5.3.6 (emerald-rush) is starting.
__    -    ... __   -        _
LocalTime -> 2024-04-14 22:20:36
Configuration ->
    . broker -> redis://localhost:6379/0
    . loader -> celery.loaders.app.AppLoader
    . scheduler -> celery.beat.PersistentScheduler
    . db -> celerybeat-schedule
    . logfile -> [stderr]@%INFO
    . maxinterval -> 5.00 minutes (300s)
celery beat v5.3.6 (emerald-rush) is starting.
HERE
__    -    ... __   -        _
LocalTime -> 2024-04-15 00:26:53
Configuration ->
    . broker -> redis://localhost:6379/0
    . loader -> celery.loaders.app.AppLoader
    . scheduler -> celery.beat.PersistentScheduler
    . db -> celerybeat-schedule
    . logfile -> [stderr]@%INFO
    . maxinterval -> 5.00 minutes (300s)
celery beat v5.3.6 (emerald-rush) is starting.
HERE
__    -    ... __   -        _
LocalTime -> 2024-04-21 20:09:55
Configuration ->
    . broker -> redis://localhost:6379/0
    . loader -> celery.loaders.app.AppLoader
    . scheduler -> celery.beat.PersistentScheduler
    . db -> celerybeat-schedule
    . logfile -> [stderr]@%INFO
    . maxinterval -> 5.00 minutes (300s)
celery beat v5.3.6 (emerald-rush) is starting.
HERE
__    -    ... __   -        _
LocalTime -> 2024-04-22 16:28:32
Configuration ->
    . broker -> redis://localhost:6379/0
    . loader -> celery.loaders.app.AppLoader
    . scheduler -> celery.beat.PersistentScheduler
    . db -> celerybeat-schedule
    . logfile -> [stderr]@%INFO
    . maxinterval -> 5.00 minutes (300s)
celery beat v5.3.6 (emerald-rush) is starting.
HERE
__    -    ... __   -        _
LocalTime -> 2024-04-23 20:05:13
Configuration ->
    . broker -> redis://localhost:6379/0
    . loader -> celery.loaders.app.AppLoader
    . scheduler -> celery.beat.PersistentScheduler
    . db -> celerybeat-schedule
    . logfile -> [stderr]@%INFO
    . maxinterval -> 5.00 minutes (300s)
celery beat v5.3.6 (emerald-rush) is starting.
__    -    ... __   -        _
LocalTime -> 2024-04-24 19:20:24
Configuration ->
    . broker -> redis://localhost:6379/0
    . loader -> celery.loaders.app.AppLoader
    . scheduler -> celery.beat.PersistentScheduler
    . db -> celerybeat-schedule
    . logfile -> [stderr]@%INFO
    . maxinterval -> 5.00 minutes (300s)
celery beat v5.3.6 (emerald-rush) is starting.
__    -    ... __   -        _
LocalTime -> 2024-04-24 21:59:49
Configuration ->
    . broker -> redis://localhost:6379/0
    . loader -> celery.loaders.app.AppLoader
    . scheduler -> celery.beat.PersistentScheduler
    . db -> celerybeat-schedule
    . logfile -> [stderr]@%INFO
    . maxinterval -> 5.00 minutes (300s)
celery beat v5.3.6 (emerald-rush) is starting.
__    -    ... __   -        _
LocalTime -> 2024-04-24 22:33:40
Configuration ->
    . broker -> redis://localhost:6379/0
    . loader -> celery.loaders.app.AppLoader
    . scheduler -> celery.beat.PersistentScheduler
    . db -> celerybeat-schedule
    . logfile -> [stderr]@%INFO
    . maxinterval -> 5.00 minutes (300s)
celery beat v5.3.6 (emerald-rush) is starting.
__    -    ... __   -        _
LocalTime -> 2024-04-25 12:37:22
Configuration ->
    . broker -> redis://localhost:6379/0
    . loader -> celery.loaders.app.AppLoader
    . scheduler -> celery.beat.PersistentScheduler
    . db -> celerybeat-schedule
    . logfile -> [stderr]@%INFO
    . maxinterval -> 5.00 minutes (300s)
celery beat v5.3.6 (emerald-rush) is starting.
celery beat v5.3.6 (emerald-rush) is starting.
celery beat v5.3.6 (emerald-rush) is starting.
celery beat v5.3.6 (emerald-rush) is starting.
celery beat v5.3.6 (emerald-rush) is starting.
celery beat v5.3.6 (emerald-rush) is starting.
__    -    ... __   -        _
LocalTime -> 2024-04-27 12:33:11
Configuration ->
    . broker -> redis://localhost:6379/0
    . loader -> celery.loaders.app.AppLoader
    . scheduler -> celery.beat.PersistentScheduler
    . db -> celerybeat-schedule
    . logfile -> [stderr]@%INFO
    . maxinterval -> 5.00 minutes (300s)
celery beat v5.3.6 (emerald-rush) is starting.
__    -    ... __   -        _
LocalTime -> 2024-04-27 15:53:34
Configuration ->
    . broker -> redis://localhost:6379/0
    . loader -> celery.loaders.app.AppLoader
    . scheduler -> celery.beat.PersistentScheduler
    . db -> celerybeat-schedule
    . logfile -> [stderr]@%INFO
    . maxinterval -> 5.00 minutes (300s)
celery beat v5.3.6 (emerald-rush) is starting.
__    -    ... __   -        _
LocalTime -> 2024-04-27 18:54:09
Configuration ->
    . broker -> redis://localhost:6379/0
    . loader -> celery.loaders.app.AppLoader
    . scheduler -> celery.beat.PersistentScheduler
    . db -> celerybeat-schedule
    . logfile -> [stderr]@%INFO
    . maxinterval -> 5.00 minutes (300s)
celery beat v5.3.6 (emerald-rush) is starting.
__    -    ... __   -        _
LocalTime -> 2024-04-27 18:59:09
Configuration ->
    . broker -> redis://localhost:6379/0
    . loader -> celery.loaders.app.AppLoader
    . scheduler -> celery.beat.PersistentScheduler
    . db -> celerybeat-schedule
    . logfile -> [stderr]@%INFO
    . maxinterval -> 5.00 minutes (300s)
celery beat v5.3.6 (emerald-rush) is starting.
__    -    ... __   -        _
LocalTime -> 2024-04-27 19:23:12
Configuration ->
    . broker -> redis://localhost:6379/0
    . loader -> celery.loaders.app.AppLoader
    . scheduler -> celery.beat.PersistentScheduler
    . db -> celerybeat-schedule
    . logfile -> [stderr]@%INFO
    . maxinterval -> 5.00 minutes (300s)
celery beat v5.3.6 (emerald-rush) is starting.
__    -    ... __   -        _
LocalTime -> 2024-04-27 19:29:22
Configuration ->
    . broker -> redis://localhost:6379/0
    . loader -> celery.loaders.app.AppLoader
    . scheduler -> celery.beat.PersistentScheduler
    . db -> celerybeat-schedule
    . logfile -> [stderr]@%INFO
    . maxinterval -> 5.00 minutes (300s)
celery beat v5.3.6 (emerald-rush) is starting.
__    -    ... __   -        _
LocalTime -> 2024-04-27 19:42:29
Configuration ->
    . broker -> redis://localhost:6379/0
    . loader -> celery.loaders.app.AppLoader
    . scheduler -> celery.beat.PersistentScheduler
    . db -> celerybeat-schedule
    . logfile -> [stderr]@%INFO
    . maxinterval -> 5.00 minutes (300s)
celery beat v5.3.6 (emerald-rush) is starting.
__    -    ... __   -        _
LocalTime -> 2024-04-27 20:20:42
Configuration ->
    . broker -> redis://localhost:6379/0
    . loader -> celery.loaders.app.AppLoader
    . scheduler -> celery.beat.PersistentScheduler
    . db -> celerybeat-schedule
    . logfile -> [stderr]@%INFO
    . maxinterval -> 5.00 minutes (300s)
celery beat v5.3.6 (emerald-rush) is starting.
__    -    ... __   -        _
LocalTime -> 2024-04-28 10:28:37
Configuration ->
    . broker -> redis://localhost:6379/0
    . loader -> celery.loaders.app.AppLoader
    . scheduler -> celery.beat.PersistentScheduler
    . db -> celerybeat-schedule
    . logfile -> [stderr]@%INFO
    . maxinterval -> 5.00 minutes (300s)
celery beat v5.3.6 (emerald-rush) is starting.
__    -    ... __   -        _
LocalTime -> 2024-04-28 14:16:23
Configuration ->
    . broker -> redis://localhost:6379/0
    . loader -> celery.loaders.app.AppLoader
    . scheduler -> celery.beat.PersistentScheduler
    . db -> celerybeat-schedule
    . logfile -> [stderr]@%INFO
    . maxinterval -> 5.00 minutes (300s)
celery beat v5.3.6 (emerald-rush) is starting.
__    -    ... __   -        _
LocalTime -> 2024-04-28 17:36:36
Configuration ->
    . broker -> redis://localhost:6379/0
    . loader -> celery.loaders.app.AppLoader
    . scheduler -> celery.beat.PersistentScheduler
    . db -> celerybeat-schedule
    . logfile -> [stderr]@%INFO
    . maxinterval -> 5.00 minutes (300s)
celery beat v5.3.6 (emerald-rush) is starting.
__    -    ... __   -        _
LocalTime -> 2024-04-28 18:50:14
Configuration ->
    . broker -> redis://localhost:6379/0
    . loader -> celery.loaders.app.AppLoader
    . scheduler -> celery.beat.PersistentScheduler
    . db -> celerybeat-schedule
    . logfile -> [stderr]@%INFO
    . maxinterval -> 5.00 minutes (300s)
celery beat v5.3.6 (emerald-rush) is starting.
__    -    ... __   -        _
LocalTime -> 2024-04-28 19:36:13
Configuration ->
    . broker -> redis://localhost:6379/0
    . loader -> celery.loaders.app.AppLoader
    . scheduler -> celery.beat.PersistentScheduler
    . db -> celerybeat-schedule
    . logfile -> [stderr]@%INFO
    . maxinterval -> 5.00 minutes (300s)
celery beat v5.3.6 (emerald-rush) is starting.
__    -    ... __   -        _
LocalTime -> 2024-04-28 20:10:51
Configuration ->
    . broker -> redis://localhost:6379/0
    . loader -> celery.loaders.app.AppLoader
    . scheduler -> celery.beat.PersistentScheduler
    . db -> celerybeat-schedule
    . logfile -> [stderr]@%INFO
    . maxinterval -> 5.00 minutes (300s)
celery beat v5.3.6 (emerald-rush) is starting.
__    -    ... __   -        _
LocalTime -> 2024-04-28 21:22:33
Configuration ->
    . broker -> redis://localhost:6379/0
    . loader -> celery.loaders.app.AppLoader
    . scheduler -> celery.beat.PersistentScheduler
    . db -> celerybeat-schedule
    . logfile -> [stderr]@%INFO
    . maxinterval -> 5.00 minutes (300s)
celery beat v5.3.6 (emerald-rush) is starting.
__    -    ... __   -        _
LocalTime -> 2024-04-28 22:10:01
Configuration ->
    . broker -> redis://localhost:6379/0
    . loader -> celery.loaders.app.AppLoader
    . scheduler -> celery.beat.PersistentScheduler
    . db -> celerybeat-schedule
    . logfile -> [stderr]@%INFO
    . maxinterval -> 5.00 minutes (300s)
celery beat v5.3.6 (emerald-rush) is starting.
__    -    ... __   -        _
LocalTime -> 2024-04-28 23:30:39
Configuration ->
    . broker -> redis://localhost:6379/0
    . loader -> celery.loaders.app.AppLoader
    . scheduler -> celery.beat.PersistentScheduler
    . db -> celerybeat-schedule
    . logfile -> [stderr]@%INFO
    . maxinterval -> 5.00 minutes (300s)
celery beat v5.3.6 (emerald-rush) is starting.
__    -    ... __   -        _
LocalTime -> 2024-04-28 23:46:11
Configuration ->
    . broker -> redis://localhost:6379/0
    . loader -> celery.loaders.app.AppLoader
    . scheduler -> celery.beat.PersistentScheduler
    . db -> celerybeat-schedule
    . logfile -> [stderr]@%INFO
    . maxinterval -> 5.00 minutes (300s)
celery beat v5.3.6 (emerald-rush) is starting.
__    -    ... __   -        _
LocalTime -> 2024-04-29 09:28:23
Configuration ->
    . broker -> redis://localhost:6379/0
    . loader -> celery.loaders.app.AppLoader
    . scheduler -> celery.beat.PersistentScheduler
    . db -> celerybeat-schedule
    . logfile -> [stderr]@%INFO
    . maxinterval -> 5.00 minutes (300s)
celery beat v5.3.6 (emerald-rush) is starting.
__    -    ... __   -        _
LocalTime -> 2024-04-29 10:18:58
Configuration ->
    . broker -> redis://localhost:6379/0
    . loader -> celery.loaders.app.AppLoader
    . scheduler -> celery.beat.PersistentScheduler
    . db -> celerybeat-schedule
    . logfile -> [stderr]@%INFO
    . maxinterval -> 5.00 minutes (300s)
celery beat v5.3.6 (emerald-rush) is starting.
__    -    ... __   -        _
LocalTime -> 2024-04-29 11:45:59
Configuration ->
    . broker -> redis://localhost:6379/0
    . loader -> celery.loaders.app.AppLoader
    . scheduler -> celery.beat.PersistentScheduler
    . db -> celerybeat-schedule
    . logfile -> [stderr]@%INFO
    . maxinterval -> 5.00 minutes (300s)
celery beat v5.3.6 (emerald-rush) is starting.
__    -    ... __   -        _
LocalTime -> 2024-04-29 12:20:31
Configuration ->
    . broker -> redis://localhost:6379/0
    . loader -> celery.loaders.app.AppLoader
    . scheduler -> celery.beat.PersistentScheduler
    . db -> celerybeat-schedule
    . logfile -> [stderr]@%INFO
    . maxinterval -> 5.00 minutes (300s)
celery beat v5.3.6 (emerald-rush) is starting.
__    -    ... __   -        _
LocalTime -> 2024-04-29 12:44:49
Configuration ->
    . broker -> redis://localhost:6379/0
    . loader -> celery.loaders.app.AppLoader
    . scheduler -> celery.beat.PersistentScheduler
    . db -> celerybeat-schedule
    . logfile -> [stderr]@%INFO
    . maxinterval -> 5.00 minutes (300s)
celery beat v5.3.6 (emerald-rush) is starting.
__    -    ... __   -        _
LocalTime -> 2024-04-29 13:18:49
Configuration ->
    . broker -> redis://localhost:6379/0
    . loader -> celery.loaders.app.AppLoader
    . scheduler -> celery.beat.PersistentScheduler
    . db -> celerybeat-schedule
    . logfile -> [stderr]@%INFO
    . maxinterval -> 5.00 minutes (300s)
celery beat v5.3.6 (emerald-rush) is starting.
__    -    ... __   -        _
LocalTime -> 2024-04-29 13:29:19
Configuration ->
    . broker -> redis://localhost:6379/0
    . loader -> celery.loaders.app.AppLoader
    . scheduler -> celery.beat.PersistentScheduler
    . db -> celerybeat-schedule
    . logfile -> [stderr]@%INFO
    . maxinterval -> 5.00 minutes (300s)
celery beat v5.3.6 (emerald-rush) is starting.
__    -    ... __   -        _
LocalTime -> 2024-04-30 16:06:41
Configuration ->
    . broker -> redis://localhost:6379/0
    . loader -> celery.loaders.app.AppLoader
    . scheduler -> celery.beat.PersistentScheduler
    . db -> celerybeat-schedule
    . logfile -> [stderr]@%INFO
    . maxinterval -> 5.00 minutes (300s)
celery beat v5.3.6 (emerald-rush) is starting.
__    -    ... __   -        _
LocalTime -> 2024-04-30 17:43:11
Configuration ->
    . broker -> redis://localhost:6379/0
    . loader -> celery.loaders.app.AppLoader
    . scheduler -> celery.beat.PersistentScheduler
    . db -> celerybeat-schedule
    . logfile -> [stderr]@%INFO
    . maxinterval -> 5.00 minutes (300s)
celery beat v5.3.6 (emerald-rush) is starting.
__    -    ... __   -        _
LocalTime -> 2024-04-30 18:16:41
Configuration ->
    . broker -> redis://localhost:6379/0
    . loader -> celery.loaders.app.AppLoader
    . scheduler -> celery.beat.PersistentScheduler
    . db -> celerybeat-schedule
    . logfile -> [stderr]@%INFO
    . maxinterval -> 5.00 minutes (300s)
celery beat v5.3.6 (emerald-rush) is starting.
__    -    ... __   -        _
LocalTime -> 2024-04-30 19:41:00
Configuration ->
    . broker -> redis://localhost:6379/0
    . loader -> celery.loaders.app.AppLoader
    . scheduler -> celery.beat.PersistentScheduler
    . db -> celerybeat-schedule
    . logfile -> [stderr]@%INFO
    . maxinterval -> 5.00 minutes (300s)
celery beat v5.3.6 (emerald-rush) is starting.
__    -    ... __   -        _
LocalTime -> 2024-04-30 22:24:19
Configuration ->
    . broker -> redis://localhost:6379/0
    . loader -> celery.loaders.app.AppLoader
    . scheduler -> celery.beat.PersistentScheduler
    . db -> celerybeat-schedule
    . logfile -> [stderr]@%INFO
    . maxinterval -> 5.00 minutes (300s)
celery beat v5.3.6 (emerald-rush) is starting.
__    -    ... __   -        _
LocalTime -> 2024-09-23 18:33:42
Configuration ->
    . broker -> redis://localhost:6379/0
    . loader -> celery.loaders.app.AppLoader
    . scheduler -> celery.beat.PersistentScheduler
    . db -> celerybeat-schedule
    . logfile -> [stderr]@%INFO
    . maxinterval -> 5.00 minutes (300s)
celery beat v5.3.6 (emerald-rush) is starting.
__    -    ... __   -        _
LocalTime -> 2024-09-28 12:29:11
Configuration ->
    . broker -> redis://localhost:6379/0
    . loader -> celery.loaders.app.AppLoader
    . scheduler -> celery.beat.PersistentScheduler
    . db -> celerybeat-schedule
    . logfile -> [stderr]@%INFO
    . maxinterval -> 5.00 minutes (300s)
celery beat v5.3.6 (emerald-rush) is starting.
__    -    ... __   -        _
LocalTime -> 2024-09-28 13:25:16
Configuration ->
    . broker -> redis://localhost:6379/0
    . loader -> celery.loaders.app.AppLoader
    . scheduler -> celery.beat.PersistentScheduler
    . db -> celerybeat-schedule
    . logfile -> [stderr]@%INFO
    . maxinterval -> 5.00 minutes (300s)
celery beat v5.3.6 (emerald-rush) is starting.
__    -    ... __   -        _
LocalTime -> 2024-09-28 13:30:22
Configuration ->
    . broker -> redis://localhost:6379/0
    . loader -> celery.loaders.app.AppLoader
    . scheduler -> celery.beat.PersistentScheduler
    . db -> celerybeat-schedule
    . logfile -> [stderr]@%INFO
    . maxinterval -> 5.00 minutes (300s)
celery beat v5.3.6 (emerald-rush) is starting.
__    -    ... __   -        _
LocalTime -> 2024-09-28 13:34:27
Configuration ->
    . broker -> redis://localhost:6379/0
    . loader -> celery.loaders.app.AppLoader
    . scheduler -> celery.beat.PersistentScheduler
    . db -> celerybeat-schedule
    . logfile -> [stderr]@%INFO
    . maxinterval -> 5.00 minutes (300s)
celery beat v5.3.6 (emerald-rush) is starting.
__    -    ... __   -        _
LocalTime -> 2024-09-28 16:06:17
Configuration ->
    . broker -> redis://localhost:6379/0
    . loader -> celery.loaders.app.AppLoader
    . scheduler -> celery.beat.PersistentScheduler
    . db -> celerybeat-schedule
    . logfile -> [stderr]@%INFO
    . maxinterval -> 5.00 minutes (300s)
celery beat v5.3.6 (emerald-rush) is starting.
__    -    ... __   -        _
LocalTime -> 2024-09-28 16:36:55
Configuration ->
    . broker -> redis://localhost:6379/0
    . loader -> celery.loaders.app.AppLoader
    . scheduler -> celery.beat.PersistentScheduler
    . db -> celerybeat-schedule
    . logfile -> [stderr]@%INFO
    . maxinterval -> 5.00 minutes (300s)
celery beat v5.3.6 (emerald-rush) is starting.
__    -    ... __   -        _
LocalTime -> 2024-09-29 11:44:39
Configuration ->
    . broker -> redis://localhost:6379/0
    . loader -> celery.loaders.app.AppLoader
    . scheduler -> celery.beat.PersistentScheduler
    . db -> celerybeat-schedule
    . logfile -> [stderr]@%INFO
    . maxinterval -> 5.00 minutes (300s)
celery beat v5.3.6 (emerald-rush) is starting.
__    -    ... __   -        _
LocalTime -> 2024-09-30 21:36:34
Configuration ->
    . broker -> redis://localhost:6379/0
    . loader -> celery.loaders.app.AppLoader
    . scheduler -> celery.beat.PersistentScheduler
    . db -> celerybeat-schedule
    . logfile -> [stderr]@%INFO
    . maxinterval -> 5.00 minutes (300s)
celery beat v5.3.6 (emerald-rush) is starting.
__    -    ... __   -        _
LocalTime -> 2024-10-02 12:09:10
Configuration ->
    . broker -> redis://localhost:6379/0
    . loader -> celery.loaders.app.AppLoader
    . scheduler -> celery.beat.PersistentScheduler
    . db -> celerybeat-schedule
    . logfile -> [stderr]@%INFO
    . maxinterval -> 5.00 minutes (300s)
celery beat v5.3.6 (emerald-rush) is starting.
__    -    ... __   -        _
LocalTime -> 2024-10-17 17:13:52
Configuration ->
    . broker -> redis://localhost:6379/0
    . loader -> celery.loaders.app.AppLoader
    . scheduler -> celery.beat.PersistentScheduler
    . db -> celerybeat-schedule
    . logfile -> [stderr]@%INFO
    . maxinterval -> 5.00 minutes (300s)
celery beat v5.3.6 (emerald-rush) is starting.
__    -    ... __   -        _
LocalTime -> 2024-10-17 17:43:09
Configuration ->
    . broker -> redis://localhost:6379/0
    . loader -> celery.loaders.app.AppLoader
    . scheduler -> celery.beat.PersistentScheduler
    . db -> celerybeat-schedule
    . logfile -> [stderr]@%INFO
    . maxinterval -> 5.00 minutes (300s)
celery beat v5.3.6 (emerald-rush) is starting.
__    -    ... __   -        _
LocalTime -> 2024-11-06 16:58:22
Configuration ->
    . broker -> redis://localhost:6379/0
    . loader -> celery.loaders.app.AppLoader
    . scheduler -> celery.beat.PersistentScheduler
    . db -> celerybeat-schedule
    . logfile -> [stderr]@%INFO
    . maxinterval -> 5.00 minutes (300s)
celery beat v5.3.6 (emerald-rush) is starting.
__    -    ... __   -        _
LocalTime -> 2024-11-24 16:44:11
Configuration ->
    . broker -> redis://localhost:6379/0
    . loader -> celery.loaders.app.AppLoader
    . scheduler -> celery.beat.PersistentScheduler
    . db -> celerybeat-schedule
    . logfile -> [stderr]@%INFO
    . maxinterval -> 5.00 minutes (300s)
celery beat v5.3.6 (emerald-rush) is starting.
__    -    ... __   -        _
LocalTime -> 2024-11-24 16:53:27
Configuration ->
    . broker -> redis://localhost:6379/0
    . loader -> celery.loaders.app.AppLoader
    . scheduler -> celery.beat.PersistentScheduler
    . db -> celerybeat-schedule
    . logfile -> [stderr]@%INFO
    . maxinterval -> 5.00 minutes (300s)
celery beat v5.3.6 (emerald-rush) is starting.
__    -    ... __   -        _
LocalTime -> 2024-11-24 16:59:05
Configuration ->
    . broker -> redis://localhost:6379/0
    . loader -> celery.loaders.app.AppLoader
    . scheduler -> celery.beat.PersistentScheduler
    . db -> celerybeat-schedule
    . logfile -> [stderr]@%INFO
    . maxinterval -> 5.00 minutes (300s)
celery beat v5.3.6 (emerald-rush) is starting.
__    -    ... __   -        _
LocalTime -> 2024-11-26 14:31:17
Configuration ->
    . broker -> redis://localhost:6379/0
    . loader -> celery.loaders.app.AppLoader
    . scheduler -> celery.beat.PersistentScheduler
    . db -> celerybeat-schedule
    . logfile -> [stderr]@%INFO
    . maxinterval -> 5.00 minutes (300s)
celery beat v5.3.6 (emerald-rush) is starting.
__    -    ... __   -        _
LocalTime -> 2024-11-26 18:16:41
Configuration ->
    . broker -> redis://localhost:6379/0
    . loader -> celery.loaders.app.AppLoader
    . scheduler -> celery.beat.PersistentScheduler
    . db -> celerybeat-schedule
    . logfile -> [stderr]@%INFO
    . maxinterval -> 5.00 minutes (300s)
celery beat v5.3.6 (emerald-rush) is starting.
__    -    ... __   -        _
LocalTime -> 2024-11-27 18:05:26
Configuration ->
    . broker -> redis://localhost:6379/0
    . loader -> celery.loaders.app.AppLoader
    . scheduler -> celery.beat.PersistentScheduler
    . db -> celerybeat-schedule
    . logfile -> [stderr]@%INFO
    . maxinterval -> 5.00 minutes (300s)
celery beat v5.3.6 (emerald-rush) is starting.
__    -    ... __   -        _
LocalTime -> 2024-11-27 21:11:24
Configuration ->
    . broker -> redis://localhost:6379/0
    . loader -> celery.loaders.app.AppLoader
    . scheduler -> celery.beat.PersistentScheduler
    . db -> celerybeat-schedule
    . logfile -> [stderr]@%INFO
    . maxinterval -> 5.00 minutes (300s)
celery beat v5.3.6 (emerald-rush) is starting.
__    -    ... __   -        _
LocalTime -> 2024-11-28 18:25:54
Configuration ->
    . broker -> redis://localhost:6379/0
    . loader -> celery.loaders.app.AppLoader
    . scheduler -> celery.beat.PersistentScheduler
    . db -> celerybeat-schedule
    . logfile -> [stderr]@%INFO
    . maxinterval -> 5.00 minutes (300s)
celery beat v5.3.6 (emerald-rush) is starting.
__    -    ... __   -        _
LocalTime -> 2024-11-29 17:20:59
Configuration ->
    . broker -> redis://localhost:6379/0
    . loader -> celery.loaders.app.AppLoader
    . scheduler -> celery.beat.PersistentScheduler
    . db -> celerybeat-schedule
    . logfile -> [stderr]@%INFO
    . maxinterval -> 5.00 minutes (300s)
celery beat v5.3.6 (emerald-rush) is starting.
__    -    ... __   -        _
LocalTime -> 2024-11-29 19:49:03
Configuration ->
    . broker -> redis://localhost:6379/0
    . loader -> celery.loaders.app.AppLoader
    . scheduler -> celery.beat.PersistentScheduler
    . db -> celerybeat-schedule
    . logfile -> [stderr]@%INFO
    . maxinterval -> 5.00 minutes (300s)
celery beat v5.3.6 (emerald-rush) is starting.
__    -    ... __   -        _
LocalTime -> 2024-12-01 10:58:58
Configuration ->
    . broker -> redis://localhost:6379/0
    . loader -> celery.loaders.app.AppLoader
    . scheduler -> celery.beat.PersistentScheduler
    . db -> celerybeat-schedule
    . logfile -> [stderr]@%INFO
    . maxinterval -> 5.00 minutes (300s)
celery beat v5.3.6 (emerald-rush) is starting.
__    -    ... __   -        _
LocalTime -> 2024-12-01 13:36:31
Configuration ->
    . broker -> redis://localhost:6379/0
    . loader -> celery.loaders.app.AppLoader
    . scheduler -> celery.beat.PersistentScheduler
    . db -> celerybeat-schedule
    . logfile -> [stderr]@%INFO
    . maxinterval -> 5.00 minutes (300s)
celery beat v5.3.6 (emerald-rush) is starting.
__    -    ... __   -        _
LocalTime -> 2024-12-01 14:27:49
Configuration ->
    . broker -> redis://localhost:6379/0
    . loader -> celery.loaders.app.AppLoader
    . scheduler -> celery.beat.PersistentScheduler
    . db -> celerybeat-schedule
    . logfile -> [stderr]@%INFO
    . maxinterval -> 5.00 minutes (300s)
celery beat v5.3.6 (emerald-rush) is starting.
__    -    ... __   -        _
LocalTime -> 2024-12-01 16:00:25
Configuration ->
    . broker -> redis://localhost:6379/0
    . loader -> celery.loaders.app.AppLoader
    . scheduler -> celery.beat.PersistentScheduler
    . db -> celerybeat-schedule
    . logfile -> [stderr]@%INFO
    . maxinterval -> 5.00 minutes (300s)
celery beat v5.3.6 (emerald-rush) is starting.
__    -    ... __   -        _
LocalTime -> 2024-12-01 17:26:29
Configuration ->
    . broker -> redis://localhost:6379/0
    . loader -> celery.loaders.app.AppLoader
    . scheduler -> celery.beat.PersistentScheduler
    . db -> celerybeat-schedule
    . logfile -> [stderr]@%INFO
    . maxinterval -> 5.00 minutes (300s)
celery beat v5.3.6 (emerald-rush) is starting.
__    -    ... __   -        _
LocalTime -> 2024-12-01 18:19:07
Configuration ->
    . broker -> redis://localhost:6379/0
    . loader -> celery.loaders.app.AppLoader
    . scheduler -> celery.beat.PersistentScheduler
    . db -> celerybeat-schedule
    . logfile -> [stderr]@%INFO
    . maxinterval -> 5.00 minutes (300s)
celery beat v5.3.6 (emerald-rush) is starting.
__    -    ... __   -        _
LocalTime -> 2024-12-01 18:18:53
Configuration ->
    . broker -> redis://localhost:6379/0
    . loader -> celery.loaders.app.AppLoader
    . scheduler -> celery.beat.PersistentScheduler
    . db -> celerybeat-schedule
    . logfile -> [stderr]@%INFO
    . maxinterval -> 5.00 minutes (300s)
celery beat v5.3.6 (emerald-rush) is starting.
__    -    ... __   -        _
LocalTime -> 2024-12-01 19:08:34
Configuration ->
    . broker -> redis://localhost:6379/0
    . loader -> celery.loaders.app.AppLoader
    . scheduler -> celery.beat.PersistentScheduler
    . db -> celerybeat-schedule
    . logfile -> [stderr]@%INFO
    . maxinterval -> 5.00 minutes (300s)
celery beat v5.3.6 (emerald-rush) is starting.
__    -    ... __   -        _
LocalTime -> 2024-12-01 19:58:10
Configuration ->
    . broker -> redis://localhost:6379/0
    . loader -> celery.loaders.app.AppLoader
    . scheduler -> celery.beat.PersistentScheduler
    . db -> celerybeat-schedule
    . logfile -> [stderr]@%INFO
    . maxinterval -> 5.00 minutes (300s)
celery beat v5.3.6 (emerald-rush) is starting.
__    -    ... __   -        _
LocalTime -> 2024-12-01 19:19:05
Configuration ->
    . broker -> redis://localhost:6379/0
    . loader -> celery.loaders.app.AppLoader
    . scheduler -> celery.beat.PersistentScheduler
    . db -> celerybeat-schedule
    . logfile -> [stderr]@%INFO
    . maxinterval -> 5.00 minutes (300s)
celery beat v5.3.6 (emerald-rush) is starting.
__    -    ... __   -        _
LocalTime -> 2025-01-16 17:51:53
Configuration ->
    . broker -> redis://localhost:6379/0
    . loader -> celery.loaders.app.AppLoader
    . scheduler -> celery.beat.PersistentScheduler
    . db -> celerybeat-schedule
    . logfile -> [stderr]@%INFO
    . maxinterval -> 5.00 minutes (300s)
celery beat v5.3.6 (emerald-rush) is starting.
__    -    ... __   -        _
LocalTime -> 2025-01-17 15:47:52
Configuration ->
    . broker -> redis://localhost:6379/0
    . loader -> celery.loaders.app.AppLoader
    . scheduler -> celery.beat.PersistentScheduler
    . db -> celerybeat-schedule
    . logfile -> [stderr]@%INFO
    . maxinterval -> 5.00 minutes (300s)
celery beat v5.3.6 (emerald-rush) is starting.
__    -    ... __   -        _
LocalTime -> 2025-01-17 17:18:56
Configuration ->
    . broker -> redis://localhost:6379/0
    . loader -> celery.loaders.app.AppLoader
    . scheduler -> celery.beat.PersistentScheduler
    . db -> celerybeat-schedule
    . logfile -> [stderr]@%INFO
    . maxinterval -> 5.00 minutes (300s)
celery beat v5.3.6 (emerald-rush) is starting.
__    -    ... __   -        _
LocalTime -> 2025-01-17 18:08:39
Configuration ->
    . broker -> redis://localhost:6379/0
    . loader -> celery.loaders.app.AppLoader
    . scheduler -> celery.beat.PersistentScheduler
    . db -> celerybeat-schedule
    . logfile -> [stderr]@%INFO
    . maxinterval -> 5.00 minutes (300s)
celery beat v5.3.6 (emerald-rush) is starting.
__    -    ... __   -        _
LocalTime -> 2025-01-22 18:36:55
Configuration ->
    . broker -> redis://localhost:6379/0
    . loader -> celery.loaders.app.AppLoader
    . scheduler -> celery.beat.PersistentScheduler
    . db -> celerybeat-schedule
    . logfile -> [stderr]@%INFO
    . maxinterval -> 5.00 minutes (300s)
celery beat v5.3.6 (emerald-rush) is starting.
__    -    ... __   -        _
LocalTime -> 2025-01-22 19:19:03
Configuration ->
    . broker -> redis://localhost:6379/0
    . loader -> celery.loaders.app.AppLoader
    . scheduler -> celery.beat.PersistentScheduler
    . db -> celerybeat-schedule
    . logfile -> [stderr]@%INFO
    . maxinterval -> 5.00 minutes (300s)
celery beat v5.3.6 (emerald-rush) is starting.
__    -    ... __   -        _
LocalTime -> 2025-01-22 19:19:01
Configuration ->
    . broker -> redis://localhost:6379/0
    . loader -> celery.loaders.app.AppLoader
    . scheduler -> celery.beat.PersistentScheduler
    . db -> celerybeat-schedule
    . logfile -> [stderr]@%INFO
    . maxinterval -> 5.00 minutes (300s)
celery beat v5.3.6 (emerald-rush) is starting.
__    -    ... __   -        _
LocalTime -> 2025-01-22 19:19:01
Configuration ->
    . broker -> redis://localhost:6379/0
    . loader -> celery.loaders.app.AppLoader
    . scheduler -> celery.beat.PersistentScheduler
    . db -> celerybeat-schedule
    . logfile -> [stderr]@%INFO
    . maxinterval -> 5.00 minutes (300s)
celery beat v5.3.6 (emerald-rush) is starting.
__    -    ... __   -        _
LocalTime -> 2025-01-22 19:18:51
Configuration ->
    . broker -> redis://localhost:6379/0
    . loader -> celery.loaders.app.AppLoader
    . scheduler -> celery.beat.PersistentScheduler
    . db -> celerybeat-schedule
    . logfile -> [stderr]@%INFO
    . maxinterval -> 5.00 minutes (300s)
celery beat v5.3.6 (emerald-rush) is starting.
__    -    ... __   -        _
LocalTime -> 2025-01-22 19:18:59
Configuration ->
    . broker -> redis://localhost:6379/0
    . loader -> celery.loaders.app.AppLoader
    . scheduler -> celery.beat.PersistentScheduler
    . db -> celerybeat-schedule
    . logfile -> [stderr]@%INFO
    . maxinterval -> 5.00 minutes (300s)
celery beat v5.3.6 (emerald-rush) is starting.
__    -    ... __   -        _
LocalTime -> 2025-01-22 20:08:27
Configuration ->
    . broker -> redis://localhost:6379/0
    . loader -> celery.loaders.app.AppLoader
    . scheduler -> celery.beat.PersistentScheduler
    . db -> celerybeat-schedule
    . logfile -> [stderr]@%INFO
    . maxinterval -> 5.00 minutes (300s)
celery beat v5.3.6 (emerald-rush) is starting.
__    -    ... __   -        _
LocalTime -> 2025-01-22 20:58:20
Configuration ->
    . broker -> redis://localhost:6379/0
    . loader -> celery.loaders.app.AppLoader
    . scheduler -> celery.beat.PersistentScheduler
    . db -> celerybeat-schedule
    . logfile -> [stderr]@%INFO
    . maxinterval -> 5.00 minutes (300s)
celery beat v5.3.6 (emerald-rush) is starting.
__    -    ... __   -        _
LocalTime -> 2025-01-22 21:18:55
Configuration ->
    . broker -> redis://localhost:6379/0
    . loader -> celery.loaders.app.AppLoader
    . scheduler -> celery.beat.PersistentScheduler
    . db -> celerybeat-schedule
    . logfile -> [stderr]@%INFO
    . maxinterval -> 5.00 minutes (300s)
celery beat v5.3.6 (emerald-rush) is starting.
__    -    ... __   -        _
LocalTime -> 2025-01-22 22:08:24
Configuration ->
    . broker -> redis://localhost:6379/0
    . loader -> celery.loaders.app.AppLoader
    . scheduler -> celery.beat.PersistentScheduler
    . db -> celerybeat-schedule
    . logfile -> [stderr]@%INFO
    . maxinterval -> 5.00 minutes (300s)
celery beat v5.3.6 (emerald-rush) is starting.
__    -    ... __   -        _
LocalTime -> 2025-01-29 16:35:41
Configuration ->
    . broker -> redis://localhost:6379/0
    . loader -> celery.loaders.app.AppLoader
    . scheduler -> celery.beat.PersistentScheduler
    . db -> celerybeat-schedule
    . logfile -> [stderr]@%INFO
    . maxinterval -> 5.00 minutes (300s)
celery beat v5.3.6 (emerald-rush) is starting.
__    -    ... __   -        _
LocalTime -> 2025-01-29 17:48:54
Configuration ->
    . broker -> redis://localhost:6379/0
    . loader -> celery.loaders.app.AppLoader
    . scheduler -> celery.beat.PersistentScheduler
    . db -> celerybeat-schedule
    . logfile -> [stderr]@%INFO
    . maxinterval -> 5.00 minutes (300s)
celery beat v5.3.6 (emerald-rush) is starting.
__    -    ... __   -        _
LocalTime -> 2025-01-30 13:51:00
Configuration ->
    . broker -> redis://localhost:6379/0
    . loader -> celery.loaders.app.AppLoader
    . scheduler -> celery.beat.PersistentScheduler
    . db -> celerybeat-schedule
    . logfile -> [stderr]@%INFO
    . maxinterval -> 5.00 minutes (300s)
celery beat v5.3.6 (emerald-rush) is starting.
__    -    ... __   -        _
LocalTime -> 2025-01-30 16:30:34
Configuration ->
    . broker -> redis://localhost:6379/0
    . loader -> celery.loaders.app.AppLoader
    . scheduler -> celery.beat.PersistentScheduler
    . db -> celerybeat-schedule
    . logfile -> [stderr]@%INFO
    . maxinterval -> 5.00 minutes (300s)
celery beat v5.3.6 (emerald-rush) is starting.
__    -    ... __   -        _
LocalTime -> 2025-01-31 14:59:08
Configuration ->
    . broker -> redis://localhost:6379/0
    . loader -> celery.loaders.app.AppLoader
    . scheduler -> celery.beat.PersistentScheduler
    . db -> celerybeat-schedule
    . logfile -> [stderr]@%INFO
    . maxinterval -> 5.00 minutes (300s)
celery beat v5.3.6 (emerald-rush) is starting.
__    -    ... __   -        _
LocalTime -> 2025-01-31 16:22:02
Configuration ->
    . broker -> redis://localhost:6379/0
    . loader -> celery.loaders.app.AppLoader
    . scheduler -> celery.beat.PersistentScheduler
    . db -> celerybeat-schedule
    . logfile -> [stderr]@%INFO
    . maxinterval -> 5.00 minutes (300s)
celery beat v5.3.6 (emerald-rush) is starting.
__    -    ... __   -        _
LocalTime -> 2025-01-31 20:05:14
Configuration ->
    . broker -> redis://localhost:6379/0
    . loader -> celery.loaders.app.AppLoader
    . scheduler -> celery.beat.PersistentScheduler
    . db -> celerybeat-schedule
    . logfile -> [stderr]@%INFO
    . maxinterval -> 5.00 minutes (300s)
celery beat v5.3.6 (emerald-rush) is starting.
__    -    ... __   -        _
LocalTime -> 2025-02-01 15:48:08
Configuration ->
    . broker -> redis://localhost:6379/0
    . loader -> celery.loaders.app.AppLoader
    . scheduler -> celery.beat.PersistentScheduler
    . db -> celerybeat-schedule
    . logfile -> [stderr]@%INFO
    . maxinterval -> 5.00 minutes (300s)
celery beat v5.3.6 (emerald-rush) is starting.
__    -    ... __   -        _
LocalTime -> 2025-02-01 16:28:20
Configuration ->
    . broker -> redis://localhost:6379/0
    . loader -> celery.loaders.app.AppLoader
    . scheduler -> celery.beat.PersistentScheduler
    . db -> celerybeat-schedule
    . logfile -> [stderr]@%INFO
    . maxinterval -> 5.00 minutes (300s)
celery beat v5.3.6 (emerald-rush) is starting.
__    -    ... __   -        _
LocalTime -> 2025-02-01 17:35:10
Configuration ->
    . broker -> redis://localhost:6379/0
    . loader -> celery.loaders.app.AppLoader
    . scheduler -> celery.beat.PersistentScheduler
    . db -> celerybeat-schedule
    . logfile -> [stderr]@%INFO
    . maxinterval -> 5.00 minutes (300s)
celery beat v5.3.6 (emerald-rush) is starting.
__    -    ... __   -        _
LocalTime -> 2025-02-01 17:19:01
Configuration ->
    . broker -> redis://localhost:6379/0
    . loader -> celery.loaders.app.AppLoader
    . scheduler -> celery.beat.PersistentScheduler
    . db -> celerybeat-schedule
    . logfile -> [stderr]@%INFO
    . maxinterval -> 5.00 minutes (300s)
celery beat v5.3.6 (emerald-rush) is starting.
__    -    ... __   -        _
LocalTime -> 2025-02-01 17:19:02
Configuration ->
    . broker -> redis://localhost:6379/0
    . loader -> celery.loaders.app.AppLoader
    . scheduler -> celery.beat.PersistentScheduler
    . db -> celerybeat-schedule
    . logfile -> [stderr]@%INFO
    . maxinterval -> 5.00 minutes (300s)
celery beat v5.3.6 (emerald-rush) is starting.
__    -    ... __   -        _
LocalTime -> 2025-02-01 18:08:32
Configuration ->
    . broker -> redis://localhost:6379/0
    . loader -> celery.loaders.app.AppLoader
    . scheduler -> celery.beat.PersistentScheduler
    . db -> celerybeat-schedule
    . logfile -> [stderr]@%INFO
    . maxinterval -> 5.00 minutes (300s)
celery beat v5.3.6 (emerald-rush) is starting.
__    -    ... __   -        _
LocalTime -> 2025-02-01 18:19:04
Configuration ->
    . broker -> redis://localhost:6379/0
    . loader -> celery.loaders.app.AppLoader
    . scheduler -> celery.beat.PersistentScheduler
    . db -> celerybeat-schedule
    . logfile -> [stderr]@%INFO
    . maxinterval -> 5.00 minutes (300s)
celery beat v5.3.6 (emerald-rush) is starting.
__    -    ... __   -        _
LocalTime -> 2025-02-07 18:11:15
Configuration ->
    . broker -> redis://localhost:6379/0
    . loader -> celery.loaders.app.AppLoader
    . scheduler -> celery.beat.PersistentScheduler
    . db -> celerybeat-schedule
    . logfile -> [stderr]@%INFO
    . maxinterval -> 5.00 minutes (300s)
celery beat v5.3.6 (emerald-rush) is starting.
__    -    ... __   -        _
LocalTime -> 2025-02-22 20:05:57
Configuration ->
    . broker -> redis://localhost:6379/0
    . loader -> celery.loaders.app.AppLoader
    . scheduler -> celery.beat.PersistentScheduler
    . db -> celerybeat-schedule
    . logfile -> [stderr]@%INFO
    . maxinterval -> 5.00 minutes (300s)
celery beat v5.3.6 (emerald-rush) is starting.
__    -    ... __   -        _
LocalTime -> 2025-02-22 21:26:11
Configuration ->
    . broker -> redis://localhost:6379/0
    . loader -> celery.loaders.app.AppLoader
    . scheduler -> celery.beat.PersistentScheduler
    . db -> celerybeat-schedule
    . logfile -> [stderr]@%INFO
    . maxinterval -> 5.00 minutes (300s)
celery beat v5.3.6 (emerald-rush) is starting.
__    -    ... __   -        _
LocalTime -> 2025-02-23 17:08:13
Configuration ->
    . broker -> redis://localhost:6379/0
    . loader -> celery.loaders.app.AppLoader
    . scheduler -> celery.beat.PersistentScheduler
    . db -> celerybeat-schedule
    . logfile -> [stderr]@%INFO
    . maxinterval -> 5.00 minutes (300s)
celery beat v5.3.6 (emerald-rush) is starting.
__    -    ... __   -        _
LocalTime -> 2025-02-23 18:13:49
Configuration ->
    . broker -> redis://localhost:6379/0
    . loader -> celery.loaders.app.AppLoader
    . scheduler -> celery.beat.PersistentScheduler
    . db -> celerybeat-schedule
    . logfile -> [stderr]@%INFO
    . maxinterval -> 5.00 minutes (300s)
celery beat v5.3.6 (emerald-rush) is starting.
__    -    ... __   -        _
LocalTime -> 2025-03-23 14:13:53
Configuration ->
    . broker -> redis://localhost:6379/0
    . loader -> celery.loaders.app.AppLoader
    . scheduler -> celery.beat.PersistentScheduler
    . db -> celerybeat-schedule
    . logfile -> [stderr]@%INFO
    . maxinterval -> 5.00 minutes (300s)
celery beat v5.3.6 (emerald-rush) is starting.
__    -    ... __   -        _
LocalTime -> 2025-03-23 16:18:56
Configuration ->
    . broker -> redis://localhost:6379/0
    . loader -> celery.loaders.app.AppLoader
    . scheduler -> celery.beat.PersistentScheduler
    . db -> celerybeat-schedule
    . logfile -> [stderr]@%INFO
    . maxinterval -> 5.00 minutes (300s)
celery beat v5.3.6 (emerald-rush) is starting.
__    -    ... __   -        _
LocalTime -> 2025-03-27 15:21:44
Configuration ->
    . broker -> redis://localhost:6379/0
    . loader -> celery.loaders.app.AppLoader
    . scheduler -> celery.beat.PersistentScheduler
    . db -> celerybeat-schedule
    . logfile -> [stderr]@%INFO
    . maxinterval -> 5.00 minutes (300s)
celery beat v5.3.6 (emerald-rush) is starting.
__    -    ... __   -        _
LocalTime -> 2025-03-27 16:30:20
Configuration ->
    . broker -> redis://localhost:6379/0
    . loader -> celery.loaders.app.AppLoader
    . scheduler -> celery.beat.PersistentScheduler
    . db -> celerybeat-schedule
    . logfile -> [stderr]@%INFO
    . maxinterval -> 5.00 minutes (300s)
celery beat v5.3.6 (emerald-rush) is starting.
__    -    ... __   -        _
LocalTime -> 2025-03-27 16:40:25
Configuration ->
    . broker -> redis://localhost:6379/0
    . loader -> celery.loaders.app.AppLoader
    . scheduler -> celery.beat.PersistentScheduler
    . db -> celerybeat-schedule
    . logfile -> [stderr]@%INFO
    . maxinterval -> 5.00 minutes (300s)
celery beat v5.3.6 (emerald-rush) is starting.
__    -    ... __   -        _
LocalTime -> 2025-03-27 17:07:30
Configuration ->
    . broker -> redis://localhost:6379/0
    . loader -> celery.loaders.app.AppLoader
    . scheduler -> celery.beat.PersistentScheduler
    . db -> celerybeat-schedule
    . logfile -> [stderr]@%INFO
    . maxinterval -> 5.00 minutes (300s)
celery beat v5.3.6 (emerald-rush) is starting.
__    -    ... __   -        _
LocalTime -> 2025-03-27 17:23:10
Configuration ->
    . broker -> redis://localhost:6379/0
    . loader -> celery.loaders.app.AppLoader
    . scheduler -> celery.beat.PersistentScheduler
    . db -> celerybeat-schedule
    . logfile -> [stderr]@%INFO
    . maxinterval -> 5.00 minutes (300s)
celery beat v5.3.6 (emerald-rush) is starting.
__    -    ... __   -        _
LocalTime -> 2025-03-27 17:23:45
Configuration ->
    . broker -> redis://localhost:6379/0
    . loader -> celery.loaders.app.AppLoader
    . scheduler -> celery.beat.PersistentScheduler
    . db -> celerybeat-schedule
    . logfile -> [stderr]@%INFO
    . maxinterval -> 5.00 minutes (300s)
celery beat v5.3.6 (emerald-rush) is starting.
__    -    ... __   -        _
LocalTime -> 2025-03-27 18:13:16
Configuration ->
    . broker -> redis://localhost:6379/0
    . loader -> celery.loaders.app.AppLoader
    . scheduler -> celery.beat.PersistentScheduler
    . db -> celerybeat-schedule
    . logfile -> [stderr]@%INFO
    . maxinterval -> 5.00 minutes (300s)
celery beat v5.3.6 (emerald-rush) is starting.
__    -    ... __   -        _
LocalTime -> 2025-03-27 18:18:51
Configuration ->
    . broker -> redis://localhost:6379/0
    . loader -> celery.loaders.app.AppLoader
    . scheduler -> celery.beat.PersistentScheduler
    . db -> celerybeat-schedule
    . logfile -> [stderr]@%INFO
    . maxinterval -> 5.00 minutes (300s)
celery beat v5.3.6 (emerald-rush) is starting.
__    -    ... __   -        _
LocalTime -> 2025-03-27 18:18:53
Configuration ->
    . broker -> redis://localhost:6379/0
    . loader -> celery.loaders.app.AppLoader
    . scheduler -> celery.beat.PersistentScheduler
    . db -> celerybeat-schedule
    . logfile -> [stderr]@%INFO
    . maxinterval -> 5.00 minutes (300s)
celery beat v5.3.6 (emerald-rush) is starting.
__    -    ... __   -        _
LocalTime -> 2025-03-27 18:25:42
Configuration ->
    . broker -> redis://localhost:6379/0
    . loader -> celery.loaders.app.AppLoader
    . scheduler -> celery.beat.PersistentScheduler
    . db -> celerybeat-schedule
    . logfile -> [stderr]@%INFO
    . maxinterval -> 5.00 minutes (300s)
celery beat v5.3.6 (emerald-rush) is starting.
celery beat v5.3.6 (emerald-rush) is starting.
celery beat v5.3.6 (emerald-rush) is starting.
celery beat v5.3.6 (emerald-rush) is starting.
celery beat v5.3.6 (emerald-rush) is starting.
celery beat v5.3.6 (emerald-rush) is starting.
__    -    ... __   -        _
LocalTime -> 2025-04-01 16:52:26
Configuration ->
    . broker -> redis://localhost:6379/0
    . loader -> celery.loaders.app.AppLoader
    . scheduler -> celery.beat.PersistentScheduler
    . db -> celerybeat-schedule
    . logfile -> [stderr]@%INFO
    . maxinterval -> 5.00 minutes (300s)
celery beat v5.3.6 (emerald-rush) is starting.
__    -    ... __   -        _
LocalTime -> 2025-04-01 18:04:22
Configuration ->
    . broker -> redis://localhost:6379/0
    . loader -> celery.loaders.app.AppLoader
    . scheduler -> celery.beat.PersistentScheduler
    . db -> celerybeat-schedule
    . logfile -> [stderr]@%INFO
    . maxinterval -> 5.00 minutes (300s)
celery beat v5.3.6 (emerald-rush) is starting.
__    -    ... __   -        _
LocalTime -> 2025-04-05 14:18:37
Configuration ->
    . broker -> redis://localhost:6379/0
    . loader -> celery.loaders.app.AppLoader
    . scheduler -> celery.beat.PersistentScheduler
    . db -> celerybeat-schedule
    . logfile -> [stderr]@%INFO
    . maxinterval -> 5.00 minutes (300s)
celery beat v5.3.6 (emerald-rush) is starting.
__    -    ... __   -        _
LocalTime -> 2025-04-05 16:10:24
Configuration ->
    . broker -> redis://localhost:6379/0
    . loader -> celery.loaders.app.AppLoader
    . scheduler -> celery.beat.PersistentScheduler
    . db -> celerybeat-schedule
    . logfile -> [stderr]@%INFO
    . maxinterval -> 5.00 minutes (300s)
celery beat v5.3.6 (emerald-rush) is starting.
__    -    ... __   -        _
LocalTime -> 2025-04-05 16:55:42
Configuration ->
    . broker -> redis://localhost:6379/0
    . loader -> celery.loaders.app.AppLoader
    . scheduler -> celery.beat.PersistentScheduler
    . db -> celerybeat-schedule
    . logfile -> [stderr]@%INFO
    . maxinterval -> 5.00 minutes (300s)
celery beat v5.3.6 (emerald-rush) is starting.
__    -    ... __   -        _
LocalTime -> 2025-04-05 17:03:45
Configuration ->
    . broker -> redis://localhost:6379/0
    . loader -> celery.loaders.app.AppLoader
    . scheduler -> celery.beat.PersistentScheduler
    . db -> celerybeat-schedule
    . logfile -> [stderr]@%INFO
    . maxinterval -> 5.00 minutes (300s)
celery beat v5.3.6 (emerald-rush) is starting.
__    -    ... __   -        _
LocalTime -> 2025-04-05 17:15:58
Configuration ->
    . broker -> redis://localhost:6379/0
    . loader -> celery.loaders.app.AppLoader
    . scheduler -> celery.beat.PersistentScheduler
    . db -> celerybeat-schedule
    . logfile -> [stderr]@%INFO
    . maxinterval -> 5.00 minutes (300s)
celery beat v5.3.6 (emerald-rush) is starting.
__    -    ... __   -        _
LocalTime -> 2025-04-05 17:27:23
Configuration ->
    . broker -> redis://localhost:6379/0
    . loader -> celery.loaders.app.AppLoader
    . scheduler -> celery.beat.PersistentScheduler
    . db -> celerybeat-schedule
    . logfile -> [stderr]@%INFO
    . maxinterval -> 5.00 minutes (300s)
celery beat v5.3.6 (emerald-rush) is starting.
__    -    ... __   -        _
LocalTime -> 2025-04-05 17:40:36
Configuration ->
    . broker -> redis://localhost:6379/0
    . loader -> celery.loaders.app.AppLoader
    . scheduler -> celery.beat.PersistentScheduler
    . db -> celerybeat-schedule
    . logfile -> [stderr]@%INFO
    . maxinterval -> 5.00 minutes (300s)
celery beat v5.3.6 (emerald-rush) is starting.
__    -    ... __   -        _
LocalTime -> 2025-04-05 19:21:35
Configuration ->
    . broker -> redis://localhost:6379/0
    . loader -> celery.loaders.app.AppLoader
    . scheduler -> celery.beat.PersistentScheduler
    . db -> celerybeat-schedule
    . logfile -> [stderr]@%INFO
    . maxinterval -> 5.00 minutes (300s)
celery beat v5.3.6 (emerald-rush) is starting.
__    -    ... __   -        _
LocalTime -> 2025-04-06 11:46:18
Configuration ->
    . broker -> redis://localhost:6379/0
    . loader -> celery.loaders.app.AppLoader
    . scheduler -> celery.beat.PersistentScheduler
    . db -> celerybeat-schedule
    . logfile -> [stderr]@%INFO
    . maxinterval -> 5.00 minutes (300s)
celery beat v5.3.6 (emerald-rush) is starting.
__    -    ... __   -        _
LocalTime -> 2025-04-06 17:43:51
Configuration ->
    . broker -> redis://localhost:6379/0
    . loader -> celery.loaders.app.AppLoader
    . scheduler -> celery.beat.PersistentScheduler
    . db -> celerybeat-schedule
    . logfile -> [stderr]@%INFO
    . maxinterval -> 5.00 minutes (300s)
celery beat v5.3.6 (emerald-rush) is starting.
__    -    ... __   -        _
LocalTime -> 2025-04-08 18:32:11
Configuration ->
    . broker -> redis://localhost:6379/0
    . loader -> celery.loaders.app.AppLoader
    . scheduler -> celery.beat.PersistentScheduler
    . db -> celerybeat-schedule
    . logfile -> [stderr]@%INFO
    . maxinterval -> 5.00 minutes (300s)
celery beat v5.3.6 (emerald-rush) is starting.
__    -    ... __   -        _
LocalTime -> 2025-04-09 15:39:17
Configuration ->
    . broker -> redis://localhost:6379/0
    . loader -> celery.loaders.app.AppLoader
    . scheduler -> celery.beat.PersistentScheduler
    . db -> celerybeat-schedule
    . logfile -> [stderr]@%INFO
    . maxinterval -> 5.00 minutes (300s)
celery beat v5.3.6 (emerald-rush) is starting.
__    -    ... __   -        _
LocalTime -> 2025-04-20 12:41:57
Configuration ->
    . broker -> redis://localhost:6379/0
    . loader -> celery.loaders.app.AppLoader
    . scheduler -> celery.beat.PersistentScheduler
    . db -> celerybeat-schedule
    . logfile -> [stderr]@%INFO
    . maxinterval -> 5.00 minutes (300s)
celery beat v5.3.6 (emerald-rush) is starting.
__    -    ... __   -        _
LocalTime -> 2025-04-21 13:10:43
Configuration ->
    . broker -> redis://localhost:6379/0
    . loader -> celery.loaders.app.AppLoader
    . scheduler -> celery.beat.PersistentScheduler
    . db -> celerybeat-schedule
    . logfile -> [stderr]@%INFO
    . maxinterval -> 5.00 minutes (300s)
celery beat v5.3.6 (emerald-rush) is starting.
__    -    ... __   -        _
LocalTime -> 2025-04-21 14:19:06
Configuration ->
    . broker -> redis://localhost:6379/0
    . loader -> celery.loaders.app.AppLoader
    . scheduler -> celery.beat.PersistentScheduler
    . db -> celerybeat-schedule
    . logfile -> [stderr]@%INFO
    . maxinterval -> 5.00 minutes (300s)
celery beat v5.3.6 (emerald-rush) is starting.
__    -    ... __   -        _
LocalTime -> 2025-04-21 14:18:57
Configuration ->
    . broker -> redis://localhost:6379/0
    . loader -> celery.loaders.app.AppLoader
    . scheduler -> celery.beat.PersistentScheduler
    . db -> celerybeat-schedule
    . logfile -> [stderr]@%INFO
    . maxinterval -> 5.00 minutes (300s)
celery beat v5.3.6 (emerald-rush) is starting.
__    -    ... __   -        _
LocalTime -> 2025-04-21 14:18:59
Configuration ->
    . broker -> redis://localhost:6379/0
    . loader -> celery.loaders.app.AppLoader
    . scheduler -> celery.beat.PersistentScheduler
    . db -> celerybeat-schedule
    . logfile -> [stderr]@%INFO
    . maxinterval -> 5.00 minutes (300s)
celery beat v5.3.6 (emerald-rush) is starting.
__    -    ... __   -        _
LocalTime -> 2025-04-21 15:09:46
Configuration ->
    . broker -> redis://localhost:6379/0
    . loader -> celery.loaders.app.AppLoader
    . scheduler -> celery.beat.PersistentScheduler
    . db -> celerybeat-schedule
    . logfile -> [stderr]@%INFO
    . maxinterval -> 5.00 minutes (300s)
celery beat v5.3.6 (emerald-rush) is starting.
__    -    ... __   -        _
LocalTime -> 2025-04-21 15:19:05
Configuration ->
    . broker -> redis://localhost:6379/0
    . loader -> celery.loaders.app.AppLoader
    . scheduler -> celery.beat.PersistentScheduler
    . db -> celerybeat-schedule
    . logfile -> [stderr]@%INFO
    . maxinterval -> 5.00 minutes (300s)
celery beat v5.3.6 (emerald-rush) is starting.
__    -    ... __   -        _
LocalTime -> 2025-04-21 19:14:57
Configuration ->
    . broker -> redis://localhost:6379/0
    . loader -> celery.loaders.app.AppLoader
    . scheduler -> celery.beat.PersistentScheduler
    . db -> celerybeat-schedule
    . logfile -> [stderr]@%INFO
    . maxinterval -> 5.00 minutes (300s)
celery beat v5.3.6 (emerald-rush) is starting.
__    -    ... __   -        _
LocalTime -> 2025-04-21 19:19:08
Configuration ->
    . broker -> redis://localhost:6379/0
    . loader -> celery.loaders.app.AppLoader
    . scheduler -> celery.beat.PersistentScheduler
    . db -> celerybeat-schedule
    . logfile -> [stderr]@%INFO
    . maxinterval -> 5.00 minutes (300s)
celery beat v5.3.6 (emerald-rush) is starting.
__    -    ... __   -        _
LocalTime -> 2025-04-21 20:08:41
Configuration ->
    . broker -> redis://localhost:6379/0
    . loader -> celery.loaders.app.AppLoader
    . scheduler -> celery.beat.PersistentScheduler
    . db -> celerybeat-schedule
    . logfile -> [stderr]@%INFO
    . maxinterval -> 5.00 minutes (300s)
celery beat v5.3.6 (emerald-rush) is starting.
__    -    ... __   -        _
LocalTime -> 2025-04-21 20:19:24
Configuration ->
    . broker -> redis://localhost:6379/0
    . loader -> celery.loaders.app.AppLoader
    . scheduler -> celery.beat.PersistentScheduler
    . db -> celerybeat-schedule
    . logfile -> [stderr]@%INFO
    . maxinterval -> 5.00 minutes (300s)
celery beat v5.3.6 (emerald-rush) is starting.
__    -    ... __   -        _
LocalTime -> 2025-04-21 20:19:10
Configuration ->
    . broker -> redis://localhost:6379/0
    . loader -> celery.loaders.app.AppLoader
    . scheduler -> celery.beat.PersistentScheduler
    . db -> celerybeat-schedule
    . logfile -> [stderr]@%INFO
    . maxinterval -> 5.00 minutes (300s)
celery beat v5.3.6 (emerald-rush) is starting.
__    -    ... __   -        _
LocalTime -> 2025-04-21 21:19:03
Configuration ->
    . broker -> redis://localhost:6379/0
    . loader -> celery.loaders.app.AppLoader
    . scheduler -> celery.beat.PersistentScheduler
    . db -> celerybeat-schedule
    . logfile -> [stderr]@%INFO
    . maxinterval -> 5.00 minutes (300s)
celery beat v5.3.6 (emerald-rush) is starting.
__    -    ... __   -        _
LocalTime -> 2025-04-22 00:49:46
Configuration ->
    . broker -> redis://localhost:6379/0
    . loader -> celery.loaders.app.AppLoader
    . scheduler -> celery.beat.PersistentScheduler
    . db -> celerybeat-schedule
    . logfile -> [stderr]@%INFO
    . maxinterval -> 5.00 minutes (300s)
celery beat v5.3.6 (emerald-rush) is starting.
__    -    ... __   -        _
LocalTime -> 2025-04-22 01:18:49
Configuration ->
    . broker -> redis://localhost:6379/0
    . loader -> celery.loaders.app.AppLoader
    . scheduler -> celery.beat.PersistentScheduler
    . db -> celerybeat-schedule
    . logfile -> [stderr]@%INFO
    . maxinterval -> 5.00 minutes (300s)
celery beat v5.3.6 (emerald-rush) is starting.
__    -    ... __   -        _
LocalTime -> 2025-04-22 01:18:47
Configuration ->
    . broker -> redis://localhost:6379/0
    . loader -> celery.loaders.app.AppLoader
    . scheduler -> celery.beat.PersistentScheduler
    . db -> celerybeat-schedule
    . logfile -> [stderr]@%INFO
    . maxinterval -> 5.00 minutes (300s)
celery beat v5.3.6 (emerald-rush) is starting.
__    -    ... __   -        _
LocalTime -> 2025-04-22 01:18:59
Configuration ->
    . broker -> redis://localhost:6379/0
    . loader -> celery.loaders.app.AppLoader
    . scheduler -> celery.beat.PersistentScheduler
    . db -> celerybeat-schedule
    . logfile -> [stderr]@%INFO
    . maxinterval -> 5.00 minutes (300s)
celery beat v5.3.6 (emerald-rush) is starting.
__    -    ... __   -        _
LocalTime -> 2025-04-22 02:18:48
Configuration ->
    . broker -> redis://localhost:6379/0
    . loader -> celery.loaders.app.AppLoader
    . scheduler -> celery.beat.PersistentScheduler
    . db -> celerybeat-schedule
    . logfile -> [stderr]@%INFO
    . maxinterval -> 5.00 minutes (300s)
celery beat v5.3.6 (emerald-rush) is starting.
__    -    ... __   -        _
LocalTime -> 2025-04-22 02:18:48
Configuration ->
    . broker -> redis://localhost:6379/0
    . loader -> celery.loaders.app.AppLoader
    . scheduler -> celery.beat.PersistentScheduler
    . db -> celerybeat-schedule
    . logfile -> [stderr]@%INFO
    . maxinterval -> 5.00 minutes (300s)
celery beat v5.3.6 (emerald-rush) is starting.
__    -    ... __   -        _
LocalTime -> 2025-04-22 02:18:41
Configuration ->
    . broker -> redis://localhost:6379/0
    . loader -> celery.loaders.app.AppLoader
    . scheduler -> celery.beat.PersistentScheduler
    . db -> celerybeat-schedule
    . logfile -> [stderr]@%INFO
    . maxinterval -> 5.00 minutes (300s)
celery beat v5.3.6 (emerald-rush) is starting.
__    -    ... __   -        _
LocalTime -> 2025-04-22 02:18:43
Configuration ->
    . broker -> redis://localhost:6379/0
    . loader -> celery.loaders.app.AppLoader
    . scheduler -> celery.beat.PersistentScheduler
    . db -> celerybeat-schedule
    . logfile -> [stderr]@%INFO
    . maxinterval -> 5.00 minutes (300s)
celery beat v5.3.6 (emerald-rush) is starting.
__    -    ... __   -        _
LocalTime -> 2025-04-22 03:18:51
Configuration ->
    . broker -> redis://localhost:6379/0
    . loader -> celery.loaders.app.AppLoader
    . scheduler -> celery.beat.PersistentScheduler
    . db -> celerybeat-schedule
    . logfile -> [stderr]@%INFO
    . maxinterval -> 5.00 minutes (300s)
celery beat v5.3.6 (emerald-rush) is starting.
__    -    ... __   -        _
LocalTime -> 2025-04-22 04:18:48
Configuration ->
    . broker -> redis://localhost:6379/0
    . loader -> celery.loaders.app.AppLoader
    . scheduler -> celery.beat.PersistentScheduler
    . db -> celerybeat-schedule
    . logfile -> [stderr]@%INFO
    . maxinterval -> 5.00 minutes (300s)
celery beat v5.3.6 (emerald-rush) is starting.
__    -    ... __   -        _
LocalTime -> 2025-04-22 05:19:01
Configuration ->
    . broker -> redis://localhost:6379/0
    . loader -> celery.loaders.app.AppLoader
    . scheduler -> celery.beat.PersistentScheduler
    . db -> celerybeat-schedule
    . logfile -> [stderr]@%INFO
    . maxinterval -> 5.00 minutes (300s)
celery beat v5.3.6 (emerald-rush) is starting.
__    -    ... __   -        _
LocalTime -> 2025-04-22 05:18:52
Configuration ->
    . broker -> redis://localhost:6379/0
    . loader -> celery.loaders.app.AppLoader
    . scheduler -> celery.beat.PersistentScheduler
    . db -> celerybeat-schedule
    . logfile -> [stderr]@%INFO
    . maxinterval -> 5.00 minutes (300s)
